Determining if the pthread_create exist failed with the following output:
Change Dir: /home/yangyi/catkin_ws/build/CMakeFiles/CMakeTmp

Run Build Command:"/usr/bin/make" "cmTC_4b58a/fast"
/usr/bin/make -f CMakeFiles/cmTC_4b58a.dir/build.make CMakeFiles/cmTC_4b58a.dir/build
make[1]: Entering directory '/home/yangyi/catkin_ws/build/CMakeFiles/CMakeTmp'
Building C object CMakeFiles/cmTC_4b58a.dir/CheckSymbolExists.c.o
/usr/bin/cc     -o CMakeFiles/cmTC_4b58a.dir/CheckSymbolExists.c.o   -c /home/yangyi/catkin_ws/build/CMakeFiles/CMakeTmp/CheckSymbolExists.c
Linking C executable cmTC_4b58a
/usr/bin/cmake -E cmake_link_script CMakeFiles/cmTC_4b58a.dir/link.txt --verbose=1
/usr/bin/cc       CMakeFiles/cmTC_4b58a.dir/CheckSymbolExists.c.o  -o cmTC_4b58a -rdynamic 
CMakeFiles/cmTC_4b58a.dir/CheckSymbolExists.c.o: In function `main':
CheckSymbolExists.c:(.text+0x16): undefined reference to `pthread_create'
collect2: error: ld returned 1 exit status
CMakeFiles/cmTC_4b58a.dir/build.make:97: recipe for target 'cmTC_4b58a' failed
make[1]: *** [cmTC_4b58a] Error 1
make[1]: Leaving directory '/home/yangyi/catkin_ws/build/CMakeFiles/CMakeTmp'
Makefile:126: recipe for target 'cmTC_4b58a/fast' failed
make: *** [cmTC_4b58a/fast] Error 2

File /home/yangyi/catkin_ws/build/CMakeFiles/CMakeTmp/CheckSymbolExists.c:
/* */
#include <pthread.h>

int main(int argc, char** argv)
{
  (void)argv;
#ifndef pthread_create
  return ((int*)(&pthread_create))[argc];
#else
  (void)argc;
  return 0;
#endif
}

Determining if the function pthread_create exists in the pthreads failed with the following output:
Change Dir: /home/yangyi/catkin_ws/build/CMakeFiles/CMakeTmp

Run Build Command:"/usr/bin/make" "cmTC_3bcfd/fast"
/usr/bin/make -f CMakeFiles/cmTC_3bcfd.dir/build.make CMakeFiles/cmTC_3bcfd.dir/build
make[1]: Entering directory '/home/yangyi/catkin_ws/build/CMakeFiles/CMakeTmp'
Building C object CMakeFiles/cmTC_3bcfd.dir/CheckFunctionExists.c.o
/usr/bin/cc    -DCHECK_FUNCTION_EXISTS=pthread_create   -o CMakeFiles/cmTC_3bcfd.dir/CheckFunctionExists.c.o   -c /usr/share/cmake-3.5/Modules/CheckFunctionExists.c
Linking C executable cmTC_3bcfd
/usr/bin/cmake -E cmake_link_script CMakeFiles/cmTC_3bcfd.dir/link.txt --verbose=1
/usr/bin/cc   -DCHECK_FUNCTION_EXISTS=pthread_create    CMakeFiles/cmTC_3bcfd.dir/CheckFunctionExists.c.o  -o cmTC_3bcfd -rdynamic -lpthreads 
/usr/bin/ld: cannot find -lpthreads
collect2: error: ld returned 1 exit status
CMakeFiles/cmTC_3bcfd.dir/build.make:97: recipe for target 'cmTC_3bcfd' failed
make[1]: *** [cmTC_3bcfd] Error 1
make[1]: Leaving directory '/home/yangyi/catkin_ws/build/CMakeFiles/CMakeTmp'
Makefile:126: recipe for target 'cmTC_3bcfd/fast' failed
make: *** [cmTC_3bcfd/fast] Error 2


